<?xml version="1.0" encoding="UTF-8"?>
<!-- Generated by org.testng.reporters.JUnitXMLReporter -->
<testsuite hostname="HDC2-D-BXM1T72" failures="2" tests="2" name="Test" time="74.474" errors="0" timestamp="18 Feb 2019 14:02:32 GMT">
  <testcase classname="com.outlook.qa.testcases.LoginPage.LoginTest01" name="invalidLoginTest_InvalidUserNameInvalidPassword" time="18.681">
    <failure type="java.lang.AssertionError" message="expected:&amp;lt;true&amp;gt; but was:&amp;lt;false&amp;gt;">
      <![CDATA[java.lang.AssertionError: expected:<true> but was:<false>
	at com.outlook.qa.pages.LoginPage.verifyLoginPassword(LoginPage.java:93)
	at com.outlook.qa.testcases.LoginPage.LoginTest01.invalidLoginTest_InvalidUserNameInvalidPassword(LoginTest01.java:41)
... Removed 28 stack frames]]>
    </failure>
  </testcase>
  <testcase classname="com.outlook.qa.testcases.LoginPage.LoginTest01" name="invalidLoginTest_InvalidUserNameInvalidPassword" time="74.455">
    <failure type="org.openqa.selenium.NoSuchSessionException" message="Session ID is null. Using WebDriver after calling quit()?
Build info: version: &amp;apos;3.14.0&amp;apos;, revision: &amp;apos;aacccce0&amp;apos;, time: &amp;apos;2018-08-02T20:19:58.91Z&amp;apos;
System info: host: &amp;apos;HDC2-D-BXM1T72&amp;apos;, ip: &amp;apos;10.221.126.42&amp;apos;, os.name: &amp;apos;Windows 10&amp;apos;, os.arch: &amp;apos;amd64&amp;apos;, os.version: &amp;apos;10.0&amp;apos;, java.version: &amp;apos;11.0.1&amp;apos;
Driver info: driver.version: EventFiringWebDriver">
      <![CDATA[org.openqa.selenium.NoSuchSessionException: Session ID is null. Using WebDriver after calling quit()?
Build info: version: '3.14.0', revision: 'aacccce0', time: '2018-08-02T20:19:58.91Z'
System info: host: 'HDC2-D-BXM1T72', ip: '10.221.126.42', os.name: 'Windows 10', os.arch: 'amd64', os.version: '10.0', java.version: '11.0.1'
Driver info: driver.version: EventFiringWebDriver
	at org.openqa.selenium.remote.HttpCommandExecutor.execute(HttpCommandExecutor.java:125)
	at org.openqa.selenium.remote.service.DriverCommandExecutor.execute(DriverCommandExecutor.java:83)
	at org.openqa.selenium.remote.RemoteWebDriver.execute(RemoteWebDriver.java:548)
	at org.openqa.selenium.remote.RemoteWebDriver.execute(RemoteWebDriver.java:605)
	at org.openqa.selenium.remote.RemoteWebDriver.getScreenshotAs(RemoteWebDriver.java:294)
	at org.openqa.selenium.support.events.EventFiringWebDriver.lambda$new$1(EventFiringWebDriver.java:105)
	at com.sun.proxy.$Proxy10.getScreenshotAs(Unknown Source)
	at org.openqa.selenium.support.events.EventFiringWebDriver.getScreenshotAs(EventFiringWebDriver.java:302)
	at com.outlook.qa.util.listeners.Retry.extendReportsFailOperations(Retry.java:38)
	at com.outlook.qa.util.listeners.Retry.retry(Retry.java:26)
... Removed 22 stack frames]]>
    </failure>
  </testcase>
</testsuite>
