<?xml version="1.0" encoding="UTF-8"?>
<!-- Generated by org.testng.reporters.JUnitXMLReporter -->
<testsuite hostname="HDC2-D-BXM1T72" failures="0" tests="3" name="Test" time="40.341" errors="0" timestamp="15 Feb 2019 11:17:45 GMT">
  <testcase classname="com.outlook.qa.testcases.MailBoxPageTest" name="@AfterMethod cbrowser" time="0.0">
    <failure type="java.lang.NullPointerException">
      <![CDATA[java.lang.NullPointerException
	at com.outlook.qa.util.TestUtil.tearDown(TestUtil.java:42)
	at com.outlook.qa.testcases.MailBoxPageTest.cbrowser(MailBoxPageTest.java:95)
	at org.apache.maven.surefire.testng.TestNGExecutor.run(TestNGExecutor.java:283)
	at org.apache.maven.surefire.testng.TestNGXmlTestSuite.execute(TestNGXmlTestSuite.java:75)
	at org.apache.maven.surefire.testng.TestNGProvider.invoke(TestNGProvider.java:120)
	at org.apache.maven.surefire.booter.ForkedBooter.invokeProviderInSameClassLoader(ForkedBooter.java:384)
	at org.apache.maven.surefire.booter.ForkedBooter.runSuitesInProcess(ForkedBooter.java:345)
	at org.apache.maven.surefire.booter.ForkedBooter.execute(ForkedBooter.java:126)
	at org.apache.maven.surefire.booter.ForkedBooter.main(ForkedBooter.java:418)
... Removed 23 stack frames]]>
    </failure>
  </testcase>
  <testcase classname="com.outlook.qa.testcases.MailBoxPageTest" name="@BeforeMethod setUp" time="0.0">
    <skipped/>
  </testcase>
  <testcase classname="com.outlook.qa.testcases.MailBoxPageTest" name="@AfterMethod cbrowser" time="0.0">
    <skipped/>
  </testcase>
  <testcase classname="com.outlook.qa.testcases.MailBoxPageTest" name="@BeforeMethod setUp" time="0.0">
    <skipped/>
  </testcase>
  <testcase classname="com.outlook.qa.testcases.MailBoxPageTest" name="@AfterMethod cbrowser" time="0.0">
    <skipped/>
  </testcase>
  <testcase classname="com.outlook.qa.testcases.MailBoxPageTest" name="loginToOutlook" time="25.104"/>
  <testcase classname="com.outlook.qa.testcases.MailBoxPageTest" name="clickNewEmail" time="0.001">
    <skipped/>
  </testcase>
  <testcase classname="com.outlook.qa.testcases.MailBoxPageTest" name="composeNewEmail" time="0.0">
    <skipped/>
  </testcase>
</testsuite>
