<?xml version="1.0" encoding="UTF-8"?>
<testng-results ignored="0" total="1" passed="1" failed="0" skipped="0">
  <reporter-output>
  </reporter-output>
  <suite started-at="2019-02-21T17:30:22Z" name="Suite" finished-at="2019-02-21T17:30:41Z" duration-ms="18895">
    <groups>
    </groups>
    <test started-at="2019-02-21T17:30:22Z" name="Test" finished-at="2019-02-21T17:30:41Z" duration-ms="18895">
      <class name="com.outlook.qa.testcases.LoginPage.LoginTest01">
        <test-method is-config="true" signature="set_up()[pri:0, instance:com.outlook.qa.testcases.LoginPage.LoginTest01@b2c9a9c]" started-at="2019-02-21T17:30:22Z" name="set_up" finished-at="2019-02-21T17:30:32Z" duration-ms="10024" status="PASS">
          <reporter-output>
          </reporter-output>
        </test-method> <!-- set_up -->
        <test-method signature="LoginTest_InvalidPassword()[pri:0, instance:com.outlook.qa.testcases.LoginPage.LoginTest01@b2c9a9c]" started-at="2019-02-21T17:30:32Z" name="LoginTest_InvalidPassword" description="Invalid Login Scenario with wrong username and password." finished-at="2019-02-21T17:30:41Z" duration-ms="8838" status="PASS">
          <reporter-output>
          </reporter-output>
        </test-method> <!-- LoginTest_InvalidPassword -->
      </class> <!-- com.outlook.qa.testcases.LoginPage.LoginTest01 -->
    </test> <!-- Test -->
  </suite> <!-- Suite -->
</testng-results>
