<?xml version="1.0" encoding="UTF-8"?>
<testsuite xmlns:xsi="http://www.w3.org/2001/XMLSchema-instance" xsi:noNamespaceSchemaLocation="https://maven.apache.org/surefire/maven-surefire-plugin/xsd/surefire-test-report.xsd" name="TestSuite" time="42.771" tests="15" errors="0" skipped="12" failures="2">
  <properties>
[...]
</properties>
  <testcase name="loginToOutlook" classname="com.outlook.qa.testcases.MailBoxPageTest" time="25.101"/>
  <testcase name="cbrowser" classname="com.outlook.qa.testcases.MailBoxPageTest" time="25.119">
    <failure type="java.lang.NullPointerException">java.lang.NullPointerException
	at com.outlook.qa.testcases.MailBoxPageTest.cbrowser(MailBoxPageTest.java:95)
</failure>
  </testcase>
  <testcase name="cbrowser" classname="com.outlook.qa.testcases.MailBoxPageTest" time="25.12">
    <failure type="java.lang.NullPointerException">java.lang.NullPointerException
	at com.outlook.qa.testcases.MailBoxPageTest.cbrowser(MailBoxPageTest.java:95)
</failure>
  </testcase>
  <testcase name="cbrowser" classname="com.outlook.qa.testcases.MailBoxPageTest" time="0">
    <skipped/>
  </testcase>
  <testcase name="cbrowser" classname="com.outlook.qa.testcases.MailBoxPageTest" time="0">
    <skipped/>
  </testcase>
  <testcase name="cbrowser" classname="com.outlook.qa.testcases.MailBoxPageTest" time="0">
    <skipped/>
  </testcase>
  <testcase name="cbrowser" classname="com.outlook.qa.testcases.MailBoxPageTest" time="0">
    <skipped/>
  </testcase>
  <testcase name="setUp" classname="com.outlook.qa.testcases.MailBoxPageTest" time="0">
    <skipped/>
  </testcase>
  <testcase name="setUp" classname="com.outlook.qa.testcases.MailBoxPageTest" time="0">
    <skipped/>
  </testcase>
  <testcase name="setUp" classname="com.outlook.qa.testcases.MailBoxPageTest" time="0">
    <skipped/>
  </testcase>
  <testcase name="setUp" classname="com.outlook.qa.testcases.MailBoxPageTest" time="0">
    <skipped/>
  </testcase>
  <testcase name="clickNewEmail" classname="com.outlook.qa.testcases.MailBoxPageTest" time="0">
    <skipped/>
    <system-out><![CDATA[Test Started
Test Skipped
]]></system-out>
  </testcase>
  <testcase name="composeNewEmail" classname="com.outlook.qa.testcases.MailBoxPageTest" time="0">
    <skipped/>
    <system-out><![CDATA[Test Started
Test Skipped
]]></system-out>
  </testcase>
  <testcase name="aftersuite" classname="com.outlook.qa.testcases.MailBoxPageTest" time="0">
    <skipped/>
  </testcase>
  <testcase name="aftersuite" classname="com.outlook.qa.testcases.MailBoxPageTest" time="0">
    <skipped/>
  </testcase>
</testsuite>