<?xml version="1.0" encoding="UTF-8"?>
<testng-results total="1" passed="1" failed="0" skipped="0">
  <reporter-output>
  </reporter-output>
  <suite started-at="2019-02-19T15:31:19Z" name="Suite" finished-at="2019-02-19T15:32:07Z" duration-ms="48307">
    <groups>
    </groups>
    <test started-at="2019-02-19T15:31:19Z" name="Test" finished-at="2019-02-19T15:32:07Z" duration-ms="48307">
      <class name="com.outlook.qa.testcases.LoginPage.LoginTest01">
        <test-method is-config="true" signature="set_up()[pri:0, instance:com.outlook.qa.testcases.LoginPage.LoginTest01@3cd3e762]" started-at="2019-02-19T15:31:19Z" name="set_up" finished-at="2019-02-19T15:31:41Z" duration-ms="21904" status="PASS">
        </test-method>
        <test-method signature="LoginTest_InvalidPassword()[pri:0, instance:com.outlook.qa.testcases.LoginPage.LoginTest01@3cd3e762]" started-at="2019-02-19T15:31:41Z" name="LoginTest_InvalidPassword" description="Invalid Login Scenario with wrong username and password." finished-at="2019-02-19T15:32:07Z" duration-ms="26369" status="PASS">
        </test-method>
      </class>
    </test>
  </suite>
</testng-results>
