<?xml version="1.0" encoding="UTF-8"?>
<testng-results total="1" passed="1" failed="0" skipped="0">
  <reporter-output>
  </reporter-output>
  <suite started-at="2018-12-14T19:35:14Z" name="Suite" finished-at="2018-12-14T19:35:52Z" duration-ms="37590">
    <groups>
    </groups>
    <test started-at="2018-12-14T19:35:14Z" name="Test" finished-at="2018-12-14T19:35:52Z" duration-ms="37590">
      <class name="com.makemytrip.qa.testcases.MailBoxPageTest">
        <test-method is-config="true" signature="setUp()[pri:0, instance:com.makemytrip.qa.testcases.MailBoxPageTest@7dcf94f8]" started-at="2018-12-14T19:35:14Z" name="setUp" finished-at="2018-12-14T19:35:23Z" duration-ms="8665" status="PASS">
        </test-method>
        <test-method signature="loginTest()[pri:1, instance:com.makemytrip.qa.testcases.MailBoxPageTest@7dcf94f8]" started-at="2018-12-14T19:35:23Z" name="loginTest" finished-at="2018-12-14T19:35:52Z" duration-ms="28899" status="PASS">
        </test-method>
      </class>
    </test>
  </suite>
</testng-results>
